  ---------------------------- 
  GECKO VERSION=v0.0.0 
  ---------------------------- 
  maxgen =            2
  mechanism temperature:    298.00000000000000     
  default 3rd body M (molec cm-3):    2.5000000000000000E+019
           
  ---------------------------- 
     ----  MECHANISM  ---- 
  ---------------------------- 
  gas/particle mass transfer: included
  gas/wall mass transfer: included
  DHF isomerisation: no
           
  ---------------------------- 
     --------- SAR -------- 
  ---------------------------- 
  vapor pressure scheme=Nannoolal 
  OH addition SAR =Jenkin 2018  
  Alkoxy isomerisation: Vereecken 2009 
  Alkoxy dissociation: Vereecken 2009 
  ---------------------------- 
     ----- Reductions ----- 
  ---------------------------- 
  critical vapor pressure=  -13.000000000000000     
  isomerisation allowed 
  high-NOx flag: F
  All classes of RO2 in RO2+RO2:  T
 Precursor: C12HCH2CH(C1(CH3)CH3)CH2CdH=Cd2CH3
