    9250    30   2 CHOCH2CH(OH)CH(CH3)COCHO
    9250    29   2 CHOCH(OH)CH(CH3)COCH2CHO
    9250    28   2 CH3COCH(ONO2)C(OH)(CH3)CdH=CdH2
    9250    27   2 CH3COC(ONO2)(CH2(OH))Cd(CH3)=CdHCH2(OH)
    9250    26   2 CH3COCH(CH2(OH))C(OH)(CH2(ONO2))CdH=CdH2
    9250    25   2 CH3CH(OH)CH(OH)CH2CHO
    9250    24   2 CH2(OH)COCH(CH3)CH(OH)CH2CHO
    9250    23   2 CH2(OH)CH(OH)CH(CH3)COCH2CHO
    9250    22   2 C1H(OH)CH2CH(OH)CH2CdH=Cd1CH3
    9250    21   2 CH2(OH)CH(OH)Cd(CH3)=Cd(CHO)COCH3
    9250    20   2 CH2(OH)CdH=Cd(CH3)C(OH)(CHO)COCH3
    9250    19   2 CH2(OH)CdH=Cd(CH3)CH(CHO)COCH3
    9250    18   2 CH3COCdH=Cd(CH3)CH(OH)CHO
    9250    17   2 CHOCH2COC(OH)(CH3)CdH=CdH2
    9250    16   2 CHOCH(OH)Cd(CH3)=CdHCH2CHO
    9250    15   2 CH2(OH)CH(OH)CH2CdH=Cd(CH3)CHO
    9250    14   2 CH3COCH(CH2(OH))Cd(CH3)=CdHCH2(OH)
    9250    13   2 CH3COCH(CH2(OH))C(OH)(CH3)CdH=CdH2
    9250    12   2 CH3COC(OH)(CH2(OH))Cd(CH3)=CdHCH2(OH)
    9250    11   2 CH3COCd(CH2(OH))=Cd(CH3)CH(OH)CH2(OH)
    9250    10   2 CH2(OH)CH(OH)C(OH)(CH3)Cd(=CdH2)COCH3
    9250     9   2 CH3COCH(OH)C(OH)(CH3)CdH=CdH2
    9250     8   2 CH3COCdH=Cd(CH3)CH(OH)CH2(OH)
    9250     7   2 CH3COCH(OH)Cd(CH3)=CdHCH2(OH)
    9250     6   2 CH3COCH(CH2(OH))C(OH)(CHO)CdH=CdH2
    9250     5   2 CH2(OH)CdH=Cd(CH3)CH(OH)CH2CHO
    9250     4   2 CHOCH2CH(OH)C(OH)(CH3)CdH=CdH2
    9250     3   2 CH2(OH)CH(OH)Cd(CH3)=CdHCH2CHO
    9250     2   2 CHOCH2CH(OH)C(OH)(CH3)CH2CHO
    9250     1   2 CH3CH(CHO)CH(OH)CH2CHO
    9250     0   2 CH3COCH(CH2(OH))C(OH)(CH2(OH))CdH=CdH2
